<?xml version="1.0" encoding="UTF-8"?>
<!-- Generated by org.testng.reporters.JUnitXMLReporter -->
<testsuite ignored="1" hostname="LNGDAYV-1070429" failures="1" tests="1" name="Regression" time="0.13" errors="0" timestamp="2019-10-16T04:49:07 EDT">
  <testcase classname="day1_Basics.Class4_TestNG" name="test" time="0.023">
    <failure type="java.lang.NullPointerException">
      <![CDATA[java.lang.NullPointerException
at day1_Basics.Class4_TestNG.test(Class4_TestNG.java:28)
at java.base/java.util.ArrayList.forEach(Unknown Source)
... Removed 27 stack frames]]>
    </failure>
  </testcase> <!-- test -->
  <testcase classname="day1_Basics.Class4_TestNG" name="test2" time="0.0">
    <ignored/>
  </testcase> <!-- test2 -->
</testsuite> <!-- Regression -->
