<?xml version="1.0" encoding="UTF-8"?>
<!-- Generated by org.testng.reporters.JUnitXMLReporter -->
<testsuite ignored="0" hostname="LNGDAYV-1070429" failures="0" tests="4" name="Test2" time="34.974" errors="0" timestamp="2019-10-16T04:39:57 EDT">
  <testcase classname="day1_Basics.Class4_TestNG" name="test" time="6.152"/>
  <testcase classname="day1_Basics.Class4_TestNG" name="test2" time="4.058"/>
  <testcase classname="day1_Basics.Class4_TestNG2" name="test3" time="8.599"/>
  <testcase classname="day1_Basics.Class4_TestNG2" name="test4" time="4.548"/>
</testsuite> <!-- Test2 -->
